#! /usr/local/bin/vvp
:ivl_version "12.0 (devel)" "(s20150603-1326-g98a87b49)";
:ivl_delay_selection "TYPICAL";
:vpi_time_precision - 12;
:vpi_module "/usr/local/lib/ivl/system.vpi";
:vpi_module "/usr/local/lib/ivl/vhdl_sys.vpi";
:vpi_module "/usr/local/lib/ivl/vhdl_textio.vpi";
:vpi_module "/usr/local/lib/ivl/v2005_math.vpi";
:vpi_module "/usr/local/lib/ivl/va_math.vpi";
:vpi_module "/usr/local/lib/ivl/v2009.vpi";
S_0x7fdcb0004920 .scope package, "$unit" "$unit" 2 1;
 .timescale 0 0;
S_0x7fdcb0004a90 .scope module, "MisterSdram32MBController_testbench" "MisterSdram32MBController_testbench" 3 2;
 .timescale -9 -12;
v0x7fdcb0008ae0_0 .var "clk", 0 0;
v0x7fdcb0039a40_0 .net "readport_ack", 0 0, v0x7fdcb00387b0_0;  1 drivers
v0x7fdcb0039ad0_0 .var "readport_addr", 31 0;
v0x7fdcb0039b80_0 .net "readport_data", 15 0, v0x7fdcb00388f0_0;  1 drivers
v0x7fdcb0039c30_0 .var "readport_rd", 0 0;
v0x7fdcb0039d00_0 .var "rst", 0 0;
v0x7fdcb0039db0_0 .net "sdram_a", 11 0, v0x7fdcb0038ca0_0;  1 drivers
v0x7fdcb0039e60_0 .net "sdram_ba", 1 0, v0x7fdcb0038d50_0;  1 drivers
v0x7fdcb0039f10_0 .net "sdram_cas", 0 0, v0x7fdcb0038e00_0;  1 drivers
v0x7fdcb003a040_0 .net "sdram_clk", 0 0, v0x7fdcb0038ea0_0;  1 drivers
v0x7fdcb003a0d0_0 .net "sdram_cs1", 0 0, v0x7fdcb0038f40_0;  1 drivers
v0x7fdcb003a160_0 .net "sdram_dq", 15 0, L_0x7fdcb003a710;  1 drivers
v0x7fdcb003a210_0 .net "sdram_ras", 0 0, v0x7fdcb0039200_0;  1 drivers
v0x7fdcb003a2c0_0 .net "sdram_we", 0 0, v0x7fdcb00392a0_0;  1 drivers
v0x7fdcb003a370_0 .net "writeport_ack", 0 0, v0x7fdcb00394a0_0;  1 drivers
v0x7fdcb003a420_0 .var "writeport_addr", 31 0;
v0x7fdcb003a4d0_0 .var "writeport_data", 15 0;
v0x7fdcb003a680_0 .var "writeport_wr", 0 0;
S_0x7fdcb0025960 .scope module, "MisterSdram32MBController_0" "MisterSdram32MBController" 3 22, 4 1 0, S_0x7fdcb0004a90;
 .timescale 0 0;
    .port_info 0 /INPUT 1 "clk";
    .port_info 1 /INPUT 1 "rst";
    .port_info 2 /INOUT 16 "sdram_dq";
    .port_info 3 /OUTPUT 12 "sdram_a";
    .port_info 4 /OUTPUT 1 "sdram_we";
    .port_info 5 /OUTPUT 1 "sdram_cas";
    .port_info 6 /OUTPUT 1 "sdram_ras";
    .port_info 7 /OUTPUT 1 "sdram_cs1";
    .port_info 8 /OUTPUT 2 "sdram_ba";
    .port_info 9 /OUTPUT 1 "sdram_clk";
    .port_info 10 /INPUT 1 "writeport_wr";
    .port_info 11 /INPUT 32 "writeport_addr";
    .port_info 12 /INPUT 16 "writeport_data";
    .port_info 13 /OUTPUT 1 "writeport_ack";
    .port_info 14 /INPUT 1 "readport_rd";
    .port_info 15 /INPUT 32 "readport_addr";
    .port_info 16 /OUTPUT 16 "readport_data";
    .port_info 17 /OUTPUT 1 "readport_ack";
P_0x7fdcb00284b0 .param/l "NOP_SLOTS" 0 4 2, +C4<00000000000000000000000000000101>;
P_0x7fdcb00284f0 .param/l "REFRESH_AT" 0 4 3, +C4<00000000000000000000000100101100>;
o0x7fdcaf742008 .functor BUFZ 16, C4<zzzzzzzzzzzzzzzz>; HiZ drive
; Elide local net with no drivers, v0x7fdcb00297b0_0 name=_ivl_0
v0x7fdcb0038520_0 .net "clk", 0 0, v0x7fdcb0008ae0_0;  1 drivers
v0x7fdcb00385c0_0 .var "latched_addr", 15 0;
v0x7fdcb0038650_0 .var "latched_data", 31 0;
v0x7fdcb00386e0_0 .var "read_state", 3 0;
v0x7fdcb00387b0_0 .var "readport_ack", 0 0;
v0x7fdcb0038840_0 .net "readport_addr", 31 0, v0x7fdcb0039ad0_0;  1 drivers
v0x7fdcb00388f0_0 .var "readport_data", 15 0;
v0x7fdcb00389a0_0 .net "readport_rd", 0 0, v0x7fdcb0039c30_0;  1 drivers
v0x7fdcb0038ab0_0 .var "refresh_counter", 31 0;
v0x7fdcb0038b50_0 .var "refresh_state", 3 0;
v0x7fdcb0038c00_0 .net "rst", 0 0, v0x7fdcb0039d00_0;  1 drivers
v0x7fdcb0038ca0_0 .var "sdram_a", 11 0;
v0x7fdcb0038d50_0 .var "sdram_ba", 1 0;
v0x7fdcb0038e00_0 .var "sdram_cas", 0 0;
v0x7fdcb0038ea0_0 .var "sdram_clk", 0 0;
v0x7fdcb0038f40_0 .var "sdram_cs1", 0 0;
v0x7fdcb00390d0_0 .net "sdram_dq", 15 0, L_0x7fdcb003a710;  alias, 1 drivers
v0x7fdcb0039160_0 .var "sdram_dq_reg", 15 0;
v0x7fdcb0039200_0 .var "sdram_ras", 0 0;
v0x7fdcb00392a0_0 .var "sdram_we", 0 0;
v0x7fdcb0039340_0 .var "setup_state", 3 0;
v0x7fdcb00393f0_0 .var "write_state", 3 0;
v0x7fdcb00394a0_0 .var "writeport_ack", 0 0;
v0x7fdcb0039540_0 .net "writeport_addr", 31 0, v0x7fdcb003a420_0;  1 drivers
v0x7fdcb00395f0_0 .net "writeport_data", 15 0, v0x7fdcb003a4d0_0;  1 drivers
v0x7fdcb00396a0_0 .net "writeport_wr", 0 0, v0x7fdcb003a680_0;  1 drivers
v0x7fdcb0039740_0 .var "writing", 0 0;
v0x7fdcb00397e0_0 .var "wt_cnt", 31 0;
E_0x7fdcb00269e0 .event posedge, v0x7fdcb0038520_0;
L_0x7fdcb003a710 .functor MUXZ 16, o0x7fdcaf742008, v0x7fdcb0039160_0, v0x7fdcb0039740_0, C4<>;
    .scope S_0x7fdcb0025960;
T_0 ;
    %pushi/vec4 0, 0, 12;
    %store/vec4 v0x7fdcb0038ca0_0, 0, 12;
    %pushi/vec4 1, 0, 1;
    %store/vec4 v0x7fdcb00392a0_0, 0, 1;
    %pushi/vec4 1, 0, 1;
    %store/vec4 v0x7fdcb0038e00_0, 0, 1;
    %pushi/vec4 1, 0, 1;
    %store/vec4 v0x7fdcb0039200_0, 0, 1;
    %pushi/vec4 0, 0, 1;
    %store/vec4 v0x7fdcb0038f40_0, 0, 1;
    %pushi/vec4 0, 0, 2;
    %store/vec4 v0x7fdcb0038d50_0, 0, 2;
    %pushi/vec4 0, 0, 1;
    %store/vec4 v0x7fdcb0038ea0_0, 0, 1;
    %pushi/vec4 0, 0, 1;
    %store/vec4 v0x7fdcb00394a0_0, 0, 1;
    %pushi/vec4 0, 0, 16;
    %store/vec4 v0x7fdcb00388f0_0, 0, 16;
    %pushi/vec4 0, 0, 1;
    %store/vec4 v0x7fdcb00387b0_0, 0, 1;
    %pushi/vec4 1, 0, 4;
    %store/vec4 v0x7fdcb0039340_0, 0, 4;
    %pushi/vec4 0, 0, 4;
    %store/vec4 v0x7fdcb0038b50_0, 0, 4;
    %pushi/vec4 0, 0, 4;
    %store/vec4 v0x7fdcb00393f0_0, 0, 4;
    %pushi/vec4 0, 0, 4;
    %store/vec4 v0x7fdcb00386e0_0, 0, 4;
    %pushi/vec4 0, 0, 32;
    %store/vec4 v0x7fdcb0038ab0_0, 0, 32;
    %pushi/vec4 0, 0, 32;
    %store/vec4 v0x7fdcb00397e0_0, 0, 32;
    %pushi/vec4 0, 0, 16;
    %store/vec4 v0x7fdcb00385c0_0, 0, 16;
    %pushi/vec4 0, 0, 32;
    %store/vec4 v0x7fdcb0038650_0, 0, 32;
    %pushi/vec4 0, 0, 16;
    %store/vec4 v0x7fdcb0039160_0, 0, 16;
    %pushi/vec4 0, 0, 1;
    %store/vec4 v0x7fdcb0039740_0, 0, 1;
    %end;
    .thread T_0, $init;
    .scope S_0x7fdcb0025960;
T_1 ;
    %wait E_0x7fdcb00269e0;
    %load/vec4 v0x7fdcb0038ea0_0;
    %flag_set/vec4 8;
    %jmp/0xz  T_1.0, 8;
    %load/vec4 v0x7fdcb0039340_0;
    %pad/u 32;
    %cmpi/ne 0, 0, 32;
    %jmp/0xz  T_1.2, 4;
    %load/vec4 v0x7fdcb0039340_0;
    %pad/u 32;
    %cmpi/e 1, 0, 32;
    %jmp/0xz  T_1.4, 4;
    %pushi/vec4 1, 0, 1;
    %assign/vec4 v0x7fdcb00392a0_0, 0;
    %pushi/vec4 1, 0, 1;
    %assign/vec4 v0x7fdcb0038e00_0, 0;
    %pushi/vec4 1, 0, 1;
    %assign/vec4 v0x7fdcb0039200_0, 0;
    %pushi/vec4 0, 0, 1;
    %assign/vec4 v0x7fdcb0039740_0, 0;
    %pushi/vec4 2, 0, 4;
    %assign/vec4 v0x7fdcb0039340_0, 0;
    %pushi/vec4 0, 0, 32;
    %assign/vec4 v0x7fdcb00397e0_0, 0;
    %jmp T_1.5;
T_1.4 ;
    %load/vec4 v0x7fdcb0039340_0;
    %pad/u 32;
    %cmpi/e 2, 0, 32;
    %jmp/0xz  T_1.6, 4;
    %pushi/vec4 1, 0, 1;
    %assign/vec4 v0x7fdcb00392a0_0, 0;
    %pushi/vec4 1, 0, 1;
    %assign/vec4 v0x7fdcb0038e00_0, 0;
    %pushi/vec4 1, 0, 1;
    %assign/vec4 v0x7fdcb0039200_0, 0;
    %pushi/vec4 0, 0, 1;
    %assign/vec4 v0x7fdcb0039740_0, 0;
    %load/vec4 v0x7fdcb00397e0_0;
    %cmpi/e 5, 0, 32;
    %jmp/0xz  T_1.8, 4;
    %pushi/vec4 3, 0, 4;
    %assign/vec4 v0x7fdcb0039340_0, 0;
    %jmp T_1.9;
T_1.8 ;
    %load/vec4 v0x7fdcb00397e0_0;
    %addi 1, 0, 32;
    %assign/vec4 v0x7fdcb00397e0_0, 0;
T_1.9 ;
    %jmp T_1.7;
T_1.6 ;
    %load/vec4 v0x7fdcb0039340_0;
    %pad/u 32;
    %cmpi/e 3, 0, 32;
    %jmp/0xz  T_1.10, 4;
    %pushi/vec4 0, 0, 1;
    %assign/vec4 v0x7fdcb00392a0_0, 0;
    %pushi/vec4 1, 0, 1;
    %assign/vec4 v0x7fdcb0038e00_0, 0;
    %pushi/vec4 0, 0, 1;
    %assign/vec4 v0x7fdcb0039200_0, 0;
    %pushi/vec4 1024, 0, 12;
    %assign/vec4 v0x7fdcb0038ca0_0, 0;
    %pushi/vec4 4, 0, 4;
    %assign/vec4 v0x7fdcb0039340_0, 0;
    %pushi/vec4 0, 0, 32;
    %assign/vec4 v0x7fdcb00397e0_0, 0;
    %jmp T_1.11;
T_1.10 ;
    %load/vec4 v0x7fdcb0039340_0;
    %pad/u 32;
    %cmpi/e 4, 0, 32;
    %jmp/0xz  T_1.12, 4;
    %pushi/vec4 1, 0, 1;
    %assign/vec4 v0x7fdcb00392a0_0, 0;
    %pushi/vec4 1, 0, 1;
    %assign/vec4 v0x7fdcb0038e00_0, 0;
    %pushi/vec4 1, 0, 1;
    %assign/vec4 v0x7fdcb0039200_0, 0;
    %pushi/vec4 0, 0, 1;
    %assign/vec4 v0x7fdcb0039740_0, 0;
    %load/vec4 v0x7fdcb00397e0_0;
    %cmpi/e 5, 0, 32;
    %jmp/0xz  T_1.14, 4;
    %pushi/vec4 5, 0, 4;
    %assign/vec4 v0x7fdcb0039340_0, 0;
    %jmp T_1.15;
T_1.14 ;
    %load/vec4 v0x7fdcb00397e0_0;
    %addi 1, 0, 32;
    %assign/vec4 v0x7fdcb00397e0_0, 0;
T_1.15 ;
    %jmp T_1.13;
T_1.12 ;
    %load/vec4 v0x7fdcb0039340_0;
    %pad/u 32;
    %cmpi/e 5, 0, 32;
    %jmp/0xz  T_1.16, 4;
    %pushi/vec4 1, 0, 1;
    %assign/vec4 v0x7fdcb00392a0_0, 0;
    %pushi/vec4 0, 0, 1;
    %assign/vec4 v0x7fdcb0038e00_0, 0;
    %pushi/vec4 0, 0, 1;
    %assign/vec4 v0x7fdcb0039200_0, 0;
    %pushi/vec4 6, 0, 4;
    %assign/vec4 v0x7fdcb0039340_0, 0;
    %pushi/vec4 0, 0, 32;
    %assign/vec4 v0x7fdcb00397e0_0, 0;
    %jmp T_1.17;
T_1.16 ;
    %load/vec4 v0x7fdcb0039340_0;
    %pad/u 32;
    %cmpi/e 6, 0, 32;
    %jmp/0xz  T_1.18, 4;
    %pushi/vec4 1, 0, 1;
    %assign/vec4 v0x7fdcb00392a0_0, 0;
    %pushi/vec4 1, 0, 1;
    %assign/vec4 v0x7fdcb0038e00_0, 0;
    %pushi/vec4 1, 0, 1;
    %assign/vec4 v0x7fdcb0039200_0, 0;
    %pushi/vec4 0, 0, 1;
    %assign/vec4 v0x7fdcb0039740_0, 0;
    %load/vec4 v0x7fdcb00397e0_0;
    %cmpi/e 5, 0, 32;
    %jmp/0xz  T_1.20, 4;
    %pushi/vec4 7, 0, 4;
    %assign/vec4 v0x7fdcb0039340_0, 0;
    %jmp T_1.21;
T_1.20 ;
    %load/vec4 v0x7fdcb00397e0_0;
    %addi 1, 0, 32;
    %assign/vec4 v0x7fdcb00397e0_0, 0;
T_1.21 ;
    %jmp T_1.19;
T_1.18 ;
    %load/vec4 v0x7fdcb0039340_0;
    %pad/u 32;
    %cmpi/e 7, 0, 32;
    %jmp/0xz  T_1.22, 4;
    %pushi/vec4 1, 0, 1;
    %assign/vec4 v0x7fdcb00392a0_0, 0;
    %pushi/vec4 0, 0, 1;
    %assign/vec4 v0x7fdcb0038e00_0, 0;
    %pushi/vec4 0, 0, 1;
    %assign/vec4 v0x7fdcb0039200_0, 0;
    %pushi/vec4 8, 0, 4;
    %assign/vec4 v0x7fdcb0039340_0, 0;
    %pushi/vec4 0, 0, 32;
    %assign/vec4 v0x7fdcb00397e0_0, 0;
    %jmp T_1.23;
T_1.22 ;
    %load/vec4 v0x7fdcb0039340_0;
    %pad/u 32;
    %cmpi/e 8, 0, 32;
    %jmp/0xz  T_1.24, 4;
    %pushi/vec4 1, 0, 1;
    %assign/vec4 v0x7fdcb00392a0_0, 0;
    %pushi/vec4 1, 0, 1;
    %assign/vec4 v0x7fdcb0038e00_0, 0;
    %pushi/vec4 1, 0, 1;
    %assign/vec4 v0x7fdcb0039200_0, 0;
    %pushi/vec4 0, 0, 1;
    %assign/vec4 v0x7fdcb0039740_0, 0;
    %load/vec4 v0x7fdcb00397e0_0;
    %cmpi/e 5, 0, 32;
    %jmp/0xz  T_1.26, 4;
    %pushi/vec4 9, 0, 4;
    %assign/vec4 v0x7fdcb0039340_0, 0;
    %jmp T_1.27;
T_1.26 ;
    %load/vec4 v0x7fdcb00397e0_0;
    %addi 1, 0, 32;
    %assign/vec4 v0x7fdcb00397e0_0, 0;
T_1.27 ;
    %jmp T_1.25;
T_1.24 ;
    %load/vec4 v0x7fdcb0039340_0;
    %pad/u 32;
    %cmpi/e 9, 0, 32;
    %jmp/0xz  T_1.28, 4;
    %pushi/vec4 0, 0, 1;
    %assign/vec4 v0x7fdcb00392a0_0, 0;
    %pushi/vec4 0, 0, 1;
    %assign/vec4 v0x7fdcb0038e00_0, 0;
    %pushi/vec4 0, 0, 1;
    %assign/vec4 v0x7fdcb0039200_0, 0;
    %pushi/vec4 560, 0, 12;
    %assign/vec4 v0x7fdcb0038ca0_0, 0;
    %pushi/vec4 0, 0, 2;
    %assign/vec4 v0x7fdcb0038d50_0, 0;
    %pushi/vec4 10, 0, 4;
    %assign/vec4 v0x7fdcb0039340_0, 0;
    %pushi/vec4 0, 0, 32;
    %assign/vec4 v0x7fdcb00397e0_0, 0;
    %jmp T_1.29;
T_1.28 ;
    %load/vec4 v0x7fdcb0039340_0;
    %pad/u 32;
    %cmpi/e 10, 0, 32;
    %jmp/0xz  T_1.30, 4;
    %pushi/vec4 1, 0, 1;
    %assign/vec4 v0x7fdcb00392a0_0, 0;
    %pushi/vec4 1, 0, 1;
    %assign/vec4 v0x7fdcb0038e00_0, 0;
    %pushi/vec4 1, 0, 1;
    %assign/vec4 v0x7fdcb0039200_0, 0;
    %pushi/vec4 0, 0, 1;
    %assign/vec4 v0x7fdcb0039740_0, 0;
    %load/vec4 v0x7fdcb00397e0_0;
    %cmpi/e 5, 0, 32;
    %jmp/0xz  T_1.32, 4;
    %pushi/vec4 0, 0, 4;
    %assign/vec4 v0x7fdcb0039340_0, 0;
    %jmp T_1.33;
T_1.32 ;
    %load/vec4 v0x7fdcb00397e0_0;
    %addi 1, 0, 32;
    %assign/vec4 v0x7fdcb00397e0_0, 0;
T_1.33 ;
T_1.30 ;
T_1.29 ;
T_1.25 ;
T_1.23 ;
T_1.19 ;
T_1.17 ;
T_1.13 ;
T_1.11 ;
T_1.7 ;
T_1.5 ;
    %jmp T_1.3;
T_1.2 ;
    %load/vec4 v0x7fdcb0038b50_0;
    %pad/u 32;
    %cmpi/ne 0, 0, 32;
    %jmp/0xz  T_1.34, 4;
    %load/vec4 v0x7fdcb0038b50_0;
    %pad/u 32;
    %cmpi/e 1, 0, 32;
    %jmp/0xz  T_1.36, 4;
    %pushi/vec4 1, 0, 1;
    %assign/vec4 v0x7fdcb00392a0_0, 0;
    %pushi/vec4 0, 0, 1;
    %assign/vec4 v0x7fdcb0038e00_0, 0;
    %pushi/vec4 0, 0, 1;
    %assign/vec4 v0x7fdcb0039200_0, 0;
    %pushi/vec4 2, 0, 4;
    %assign/vec4 v0x7fdcb0038b50_0, 0;
    %pushi/vec4 0, 0, 32;
    %assign/vec4 v0x7fdcb00397e0_0, 0;
    %jmp T_1.37;
T_1.36 ;
    %pushi/vec4 1, 0, 1;
    %assign/vec4 v0x7fdcb00392a0_0, 0;
    %pushi/vec4 1, 0, 1;
    %assign/vec4 v0x7fdcb0038e00_0, 0;
    %pushi/vec4 1, 0, 1;
    %assign/vec4 v0x7fdcb0039200_0, 0;
    %pushi/vec4 0, 0, 1;
    %assign/vec4 v0x7fdcb0039740_0, 0;
    %load/vec4 v0x7fdcb00397e0_0;
    %cmpi/e 5, 0, 32;
    %jmp/0xz  T_1.38, 4;
    %pushi/vec4 0, 0, 4;
    %assign/vec4 v0x7fdcb0038b50_0, 0;
    %jmp T_1.39;
T_1.38 ;
    %load/vec4 v0x7fdcb00397e0_0;
    %addi 1, 0, 32;
    %assign/vec4 v0x7fdcb00397e0_0, 0;
T_1.39 ;
T_1.37 ;
    %jmp T_1.35;
T_1.34 ;
    %load/vec4 v0x7fdcb00393f0_0;
    %pad/u 32;
    %cmpi/ne 0, 0, 32;
    %jmp/0xz  T_1.40, 4;
    %load/vec4 v0x7fdcb00393f0_0;
    %pad/u 32;
    %cmpi/e 1, 0, 32;
    %jmp/0xz  T_1.42, 4;
    %pushi/vec4 1, 0, 1;
    %assign/vec4 v0x7fdcb00392a0_0, 0;
    %pushi/vec4 1, 0, 1;
    %assign/vec4 v0x7fdcb0038e00_0, 0;
    %pushi/vec4 0, 0, 1;
    %assign/vec4 v0x7fdcb0039200_0, 0;
    %pushi/vec4 3, 3, 2;
    %assign/vec4 v0x7fdcb0038d50_0, 0;
    %load/vec4 v0x7fdcb00385c0_0;
    %parti/s 10, 13, 5;
    %pad/u 12;
    %assign/vec4 v0x7fdcb0038ca0_0, 0;
    %pushi/vec4 2, 0, 4;
    %assign/vec4 v0x7fdcb00393f0_0, 0;
    %pushi/vec4 0, 0, 32;
    %assign/vec4 v0x7fdcb00397e0_0, 0;
    %jmp T_1.43;
T_1.42 ;
    %load/vec4 v0x7fdcb00393f0_0;
    %pad/u 32;
    %cmpi/e 2, 0, 32;
    %jmp/0xz  T_1.44, 4;
    %pushi/vec4 1, 0, 1;
    %assign/vec4 v0x7fdcb00392a0_0, 0;
    %pushi/vec4 1, 0, 1;
    %assign/vec4 v0x7fdcb0038e00_0, 0;
    %pushi/vec4 1, 0, 1;
    %assign/vec4 v0x7fdcb0039200_0, 0;
    %pushi/vec4 0, 0, 1;
    %assign/vec4 v0x7fdcb0039740_0, 0;
    %load/vec4 v0x7fdcb00397e0_0;
    %cmpi/e 5, 0, 32;
    %jmp/0xz  T_1.46, 4;
    %pushi/vec4 3, 0, 4;
    %assign/vec4 v0x7fdcb00393f0_0, 0;
    %jmp T_1.47;
T_1.46 ;
    %load/vec4 v0x7fdcb00397e0_0;
    %addi 1, 0, 32;
    %assign/vec4 v0x7fdcb00397e0_0, 0;
T_1.47 ;
    %jmp T_1.45;
T_1.44 ;
    %load/vec4 v0x7fdcb00393f0_0;
    %pad/u 32;
    %cmpi/e 3, 0, 32;
    %jmp/0xz  T_1.48, 4;
    %pushi/vec4 0, 0, 1;
    %assign/vec4 v0x7fdcb00392a0_0, 0;
    %pushi/vec4 0, 0, 1;
    %assign/vec4 v0x7fdcb0038e00_0, 0;
    %pushi/vec4 1, 0, 1;
    %assign/vec4 v0x7fdcb0039200_0, 0;
    %load/vec4 v0x7fdcb00385c0_0;
    %parti/s 10, 0, 2;
    %pad/u 12;
    %assign/vec4 v0x7fdcb0038ca0_0, 0;
    %load/vec4 v0x7fdcb0038650_0;
    %pad/u 16;
    %assign/vec4 v0x7fdcb0039160_0, 0;
    %pushi/vec4 1, 0, 1;
    %assign/vec4 v0x7fdcb0039740_0, 0;
    %pushi/vec4 4, 0, 4;
    %assign/vec4 v0x7fdcb00393f0_0, 0;
    %pushi/vec4 0, 0, 32;
    %assign/vec4 v0x7fdcb00397e0_0, 0;
    %jmp T_1.49;
T_1.48 ;
    %load/vec4 v0x7fdcb00393f0_0;
    %pad/u 32;
    %cmpi/e 4, 0, 32;
    %jmp/0xz  T_1.50, 4;
    %pushi/vec4 1, 0, 1;
    %assign/vec4 v0x7fdcb00392a0_0, 0;
    %pushi/vec4 1, 0, 1;
    %assign/vec4 v0x7fdcb0038e00_0, 0;
    %pushi/vec4 1, 0, 1;
    %assign/vec4 v0x7fdcb0039200_0, 0;
    %pushi/vec4 0, 0, 1;
    %assign/vec4 v0x7fdcb0039740_0, 0;
    %load/vec4 v0x7fdcb00397e0_0;
    %cmpi/e 5, 0, 32;
    %jmp/0xz  T_1.52, 4;
    %pushi/vec4 5, 0, 4;
    %assign/vec4 v0x7fdcb00393f0_0, 0;
    %jmp T_1.53;
T_1.52 ;
    %load/vec4 v0x7fdcb00397e0_0;
    %addi 1, 0, 32;
    %assign/vec4 v0x7fdcb00397e0_0, 0;
T_1.53 ;
    %jmp T_1.51;
T_1.50 ;
    %load/vec4 v0x7fdcb00393f0_0;
    %pad/u 32;
    %cmpi/e 5, 0, 32;
    %jmp/0xz  T_1.54, 4;
    %pushi/vec4 0, 0, 1;
    %assign/vec4 v0x7fdcb00392a0_0, 0;
    %pushi/vec4 1, 0, 1;
    %assign/vec4 v0x7fdcb0038e00_0, 0;
    %pushi/vec4 0, 0, 1;
    %assign/vec4 v0x7fdcb0039200_0, 0;
    %pushi/vec4 1024, 0, 12;
    %assign/vec4 v0x7fdcb0038ca0_0, 0;
    %pushi/vec4 6, 0, 4;
    %assign/vec4 v0x7fdcb00393f0_0, 0;
    %pushi/vec4 0, 0, 32;
    %assign/vec4 v0x7fdcb00397e0_0, 0;
    %jmp T_1.55;
T_1.54 ;
    %load/vec4 v0x7fdcb00393f0_0;
    %pad/u 32;
    %cmpi/e 6, 0, 32;
    %jmp/0xz  T_1.56, 4;
    %pushi/vec4 1, 0, 1;
    %assign/vec4 v0x7fdcb00392a0_0, 0;
    %pushi/vec4 1, 0, 1;
    %assign/vec4 v0x7fdcb0038e00_0, 0;
    %pushi/vec4 1, 0, 1;
    %assign/vec4 v0x7fdcb0039200_0, 0;
    %pushi/vec4 0, 0, 1;
    %assign/vec4 v0x7fdcb0039740_0, 0;
    %load/vec4 v0x7fdcb00397e0_0;
    %cmpi/e 5, 0, 32;
    %jmp/0xz  T_1.58, 4;
    %pushi/vec4 7, 0, 4;
    %assign/vec4 v0x7fdcb00393f0_0, 0;
    %jmp T_1.59;
T_1.58 ;
    %load/vec4 v0x7fdcb00397e0_0;
    %addi 1, 0, 32;
    %assign/vec4 v0x7fdcb00397e0_0, 0;
T_1.59 ;
    %jmp T_1.57;
T_1.56 ;
    %load/vec4 v0x7fdcb00393f0_0;
    %pad/u 32;
    %cmpi/e 7, 0, 32;
    %jmp/0xz  T_1.60, 4;
    %load/vec4 v0x7fdcb00396a0_0;
    %nor/r;
    %flag_set/vec4 8;
    %jmp/0xz  T_1.62, 8;
    %pushi/vec4 0, 0, 1;
    %assign/vec4 v0x7fdcb00394a0_0, 0;
    %pushi/vec4 0, 0, 4;
    %assign/vec4 v0x7fdcb00393f0_0, 0;
    %jmp T_1.63;
T_1.62 ;
    %pushi/vec4 1, 0, 1;
    %assign/vec4 v0x7fdcb00394a0_0, 0;
T_1.63 ;
T_1.60 ;
T_1.57 ;
T_1.55 ;
T_1.51 ;
T_1.49 ;
T_1.45 ;
T_1.43 ;
    %jmp T_1.41;
T_1.40 ;
    %load/vec4 v0x7fdcb00386e0_0;
    %pad/u 32;
    %cmpi/ne 0, 0, 32;
    %jmp/0xz  T_1.64, 4;
    %load/vec4 v0x7fdcb00386e0_0;
    %pad/u 32;
    %cmpi/e 1, 0, 32;
    %jmp/0xz  T_1.66, 4;
    %pushi/vec4 1, 0, 1;
    %assign/vec4 v0x7fdcb00392a0_0, 0;
    %pushi/vec4 1, 0, 1;
    %assign/vec4 v0x7fdcb0038e00_0, 0;
    %pushi/vec4 0, 0, 1;
    %assign/vec4 v0x7fdcb0039200_0, 0;
    %pushi/vec4 3, 3, 2;
    %assign/vec4 v0x7fdcb0038d50_0, 0;
    %load/vec4 v0x7fdcb00385c0_0;
    %parti/s 10, 13, 5;
    %pad/u 12;
    %assign/vec4 v0x7fdcb0038ca0_0, 0;
    %pushi/vec4 2, 0, 4;
    %assign/vec4 v0x7fdcb00386e0_0, 0;
    %pushi/vec4 0, 0, 32;
    %assign/vec4 v0x7fdcb00397e0_0, 0;
    %jmp T_1.67;
T_1.66 ;
    %load/vec4 v0x7fdcb00386e0_0;
    %pad/u 32;
    %cmpi/e 2, 0, 32;
    %jmp/0xz  T_1.68, 4;
    %pushi/vec4 1, 0, 1;
    %assign/vec4 v0x7fdcb00392a0_0, 0;
    %pushi/vec4 1, 0, 1;
    %assign/vec4 v0x7fdcb0038e00_0, 0;
    %pushi/vec4 1, 0, 1;
    %assign/vec4 v0x7fdcb0039200_0, 0;
    %pushi/vec4 0, 0, 1;
    %assign/vec4 v0x7fdcb0039740_0, 0;
    %load/vec4 v0x7fdcb00397e0_0;
    %cmpi/e 5, 0, 32;
    %jmp/0xz  T_1.70, 4;
    %pushi/vec4 3, 0, 4;
    %assign/vec4 v0x7fdcb00386e0_0, 0;
    %jmp T_1.71;
T_1.70 ;
    %load/vec4 v0x7fdcb00397e0_0;
    %addi 1, 0, 32;
    %assign/vec4 v0x7fdcb00397e0_0, 0;
T_1.71 ;
    %jmp T_1.69;
T_1.68 ;
    %load/vec4 v0x7fdcb00386e0_0;
    %pad/u 32;
    %cmpi/e 3, 0, 32;
    %jmp/0xz  T_1.72, 4;
    %pushi/vec4 1, 0, 1;
    %assign/vec4 v0x7fdcb00392a0_0, 0;
    %pushi/vec4 0, 0, 1;
    %assign/vec4 v0x7fdcb0038e00_0, 0;
    %pushi/vec4 1, 0, 1;
    %assign/vec4 v0x7fdcb0039200_0, 0;
    %pushi/vec4 3, 3, 2;
    %assign/vec4 v0x7fdcb0038d50_0, 0;
    %pushi/vec4 1024, 0, 12;
    %load/vec4 v0x7fdcb00385c0_0;
    %parti/s 10, 0, 2;
    %pad/u 12;
    %add;
    %assign/vec4 v0x7fdcb0038ca0_0, 0;
    %pushi/vec4 4, 0, 4;
    %assign/vec4 v0x7fdcb00386e0_0, 0;
    %pushi/vec4 0, 0, 32;
    %assign/vec4 v0x7fdcb00397e0_0, 0;
    %jmp T_1.73;
T_1.72 ;
    %load/vec4 v0x7fdcb00386e0_0;
    %pad/u 32;
    %cmpi/e 4, 0, 32;
    %jmp/0xz  T_1.74, 4;
    %pushi/vec4 1, 0, 1;
    %assign/vec4 v0x7fdcb00392a0_0, 0;
    %pushi/vec4 1, 0, 1;
    %assign/vec4 v0x7fdcb0038e00_0, 0;
    %pushi/vec4 1, 0, 1;
    %assign/vec4 v0x7fdcb0039200_0, 0;
    %pushi/vec4 0, 0, 1;
    %assign/vec4 v0x7fdcb0039740_0, 0;
    %load/vec4 v0x7fdcb00397e0_0;
    %cmpi/e 5, 0, 32;
    %jmp/0xz  T_1.76, 4;
    %pushi/vec4 5, 0, 4;
    %assign/vec4 v0x7fdcb00386e0_0, 0;
    %jmp T_1.77;
T_1.76 ;
    %load/vec4 v0x7fdcb00397e0_0;
    %addi 1, 0, 32;
    %assign/vec4 v0x7fdcb00397e0_0, 0;
T_1.77 ;
    %load/vec4 v0x7fdcb00390d0_0;
    %assign/vec4 v0x7fdcb00388f0_0, 0;
    %jmp T_1.75;
T_1.74 ;
    %load/vec4 v0x7fdcb00393f0_0;
    %pad/u 32;
    %cmpi/e 5, 0, 32;
    %jmp/0xz  T_1.78, 4;
    %pushi/vec4 0, 0, 1;
    %assign/vec4 v0x7fdcb00392a0_0, 0;
    %pushi/vec4 1, 0, 1;
    %assign/vec4 v0x7fdcb0038e00_0, 0;
    %pushi/vec4 0, 0, 1;
    %assign/vec4 v0x7fdcb0039200_0, 0;
    %pushi/vec4 1024, 0, 12;
    %assign/vec4 v0x7fdcb0038ca0_0, 0;
    %pushi/vec4 6, 0, 4;
    %assign/vec4 v0x7fdcb00386e0_0, 0;
    %pushi/vec4 0, 0, 32;
    %assign/vec4 v0x7fdcb00397e0_0, 0;
    %jmp T_1.79;
T_1.78 ;
    %load/vec4 v0x7fdcb00386e0_0;
    %pad/u 32;
    %cmpi/e 6, 0, 32;
    %jmp/0xz  T_1.80, 4;
    %pushi/vec4 1, 0, 1;
    %assign/vec4 v0x7fdcb00392a0_0, 0;
    %pushi/vec4 1, 0, 1;
    %assign/vec4 v0x7fdcb0038e00_0, 0;
    %pushi/vec4 1, 0, 1;
    %assign/vec4 v0x7fdcb0039200_0, 0;
    %pushi/vec4 0, 0, 1;
    %assign/vec4 v0x7fdcb0039740_0, 0;
    %load/vec4 v0x7fdcb00397e0_0;
    %cmpi/e 5, 0, 32;
    %jmp/0xz  T_1.82, 4;
    %pushi/vec4 7, 0, 4;
    %assign/vec4 v0x7fdcb00386e0_0, 0;
    %jmp T_1.83;
T_1.82 ;
    %load/vec4 v0x7fdcb00397e0_0;
    %addi 1, 0, 32;
    %assign/vec4 v0x7fdcb00397e0_0, 0;
T_1.83 ;
    %jmp T_1.81;
T_1.80 ;
    %load/vec4 v0x7fdcb00386e0_0;
    %pad/u 32;
    %cmpi/e 7, 0, 32;
    %jmp/0xz  T_1.84, 4;
    %load/vec4 v0x7fdcb00389a0_0;
    %nor/r;
    %flag_set/vec4 8;
    %jmp/0xz  T_1.86, 8;
    %pushi/vec4 0, 0, 1;
    %assign/vec4 v0x7fdcb00387b0_0, 0;
    %pushi/vec4 0, 0, 4;
    %assign/vec4 v0x7fdcb00386e0_0, 0;
    %jmp T_1.87;
T_1.86 ;
    %pushi/vec4 1, 0, 1;
    %assign/vec4 v0x7fdcb00387b0_0, 0;
T_1.87 ;
T_1.84 ;
T_1.81 ;
T_1.79 ;
T_1.75 ;
T_1.73 ;
T_1.69 ;
T_1.67 ;
    %jmp T_1.65;
T_1.64 ;
    %load/vec4 v0x7fdcb0038ab0_0;
    %cmpi/u 300, 0, 32;
    %flag_or 5, 4; GT is !LE
    %flag_inv 5;
    %jmp/0xz  T_1.88, 5;
    %pushi/vec4 1, 0, 4;
    %assign/vec4 v0x7fdcb0038b50_0, 0;
    %pushi/vec4 0, 0, 32;
    %assign/vec4 v0x7fdcb0038ab0_0, 0;
    %jmp T_1.89;
T_1.88 ;
    %load/vec4 v0x7fdcb00396a0_0;
    %flag_set/vec4 8;
    %jmp/0xz  T_1.90, 8;
    %load/vec4 v0x7fdcb0039540_0;
    %pad/u 16;
    %assign/vec4 v0x7fdcb00385c0_0, 0;
    %load/vec4 v0x7fdcb00395f0_0;
    %pad/u 32;
    %assign/vec4 v0x7fdcb0038650_0, 0;
    %pushi/vec4 1, 0, 4;
    %assign/vec4 v0x7fdcb00393f0_0, 0;
    %jmp T_1.91;
T_1.90 ;
    %load/vec4 v0x7fdcb00389a0_0;
    %flag_set/vec4 8;
    %jmp/0xz  T_1.92, 8;
    %load/vec4 v0x7fdcb0039540_0;
    %pad/u 16;
    %assign/vec4 v0x7fdcb00385c0_0, 0;
    %pushi/vec4 1, 0, 4;
    %assign/vec4 v0x7fdcb00386e0_0, 0;
    %jmp T_1.93;
T_1.92 ;
    %load/vec4 v0x7fdcb0038ab0_0;
    %addi 1, 0, 32;
    %assign/vec4 v0x7fdcb0038ab0_0, 0;
T_1.93 ;
T_1.91 ;
T_1.89 ;
T_1.65 ;
T_1.41 ;
T_1.35 ;
T_1.3 ;
T_1.0 ;
    %load/vec4 v0x7fdcb0038ea0_0;
    %inv;
    %assign/vec4 v0x7fdcb0038ea0_0, 0;
    %jmp T_1;
    .thread T_1;
    .scope S_0x7fdcb0004a90;
T_2 ;
    %pushi/vec4 0, 0, 1;
    %store/vec4 v0x7fdcb0008ae0_0, 0, 1;
    %pushi/vec4 0, 0, 1;
    %store/vec4 v0x7fdcb0039d00_0, 0, 1;
    %pushi/vec4 0, 0, 32;
    %store/vec4 v0x7fdcb003a420_0, 0, 32;
    %pushi/vec4 0, 0, 16;
    %store/vec4 v0x7fdcb003a4d0_0, 0, 16;
    %pushi/vec4 0, 0, 1;
    %store/vec4 v0x7fdcb0039c30_0, 0, 1;
    %pushi/vec4 0, 0, 32;
    %store/vec4 v0x7fdcb0039ad0_0, 0, 32;
    %end;
    .thread T_2, $init;
    .scope S_0x7fdcb0004a90;
T_3 ;
    %vpi_call/w 3 45 "$dumpfile", "dump.vcd" {0 0 0};
    %vpi_call/w 3 46 "$dumpvars", 32'sb00000000000000000000000000000101 {0 0 0};
    %delay 10000, 0;
    %delay 10000000, 0;
    %vpi_call/w 3 67 "$finish" {0 0 0};
    %end;
    .thread T_3;
    .scope S_0x7fdcb0004a90;
T_4 ;
    %delay 1000, 0;
    %load/vec4 v0x7fdcb0008ae0_0;
    %inv;
    %store/vec4 v0x7fdcb0008ae0_0, 0, 1;
    %jmp T_4;
    .thread T_4;
# The file index is used to find the file name in the following table.
:file_names 5;
    "N/A";
    "<interactive>";
    "-";
    "testbench.sv";
    "MisterSdram32MBController.v";
